L 09/05/2023 - 12:28:42: Log file started (file "logs\L0905025.log") (game "f:\server2\sdk2013server\Fortress_Obscura") (version "6630498")
L 09/05/2023 - 12:28:42: Loading map "gd_hardware"
L 09/05/2023 - 12:28:42: server cvars start
L 09/05/2023 - 12:28:42: "mp_teamplay" = "0"
L 09/05/2023 - 12:28:42: "mp_falldamage" = "0"
L 09/05/2023 - 12:28:42: "mp_weaponstay" = "0"
L 09/05/2023 - 12:28:42: "mp_forcerespawn" = "1"
L 09/05/2023 - 12:28:42: "mp_footsteps" = "1"
L 09/05/2023 - 12:28:42: "mp_flashlight" = "0"
L 09/05/2023 - 12:28:42: "mp_autocrosshair" = "1"
L 09/05/2023 - 12:28:42: "decalfrequency" = "30"
L 09/05/2023 - 12:28:42: "mp_teamlist" = "hgrunt;scientist"
L 09/05/2023 - 12:28:42: "mp_allowNPCs" = "1"
L 09/05/2023 - 12:28:42: "mp_friendlyfire" = "0"
L 09/05/2023 - 12:28:42: "mp_fadetoblack" = "0"
L 09/05/2023 - 12:28:42: "sv_gravity" = "800"
L 09/05/2023 - 12:28:42: "sv_stopspeed" = "100"
L 09/05/2023 - 12:28:42: "sv_noclipaccelerate" = "5"
L 09/05/2023 - 12:28:42: "sv_noclipspeed" = "5"
L 09/05/2023 - 12:28:42: "sv_specaccelerate" = "5"
L 09/05/2023 - 12:28:42: "sv_specspeed" = "3"
L 09/05/2023 - 12:28:42: "sv_specnoclip" = "1"
L 09/05/2023 - 12:28:42: "sv_maxspeed" = "320"
L 09/05/2023 - 12:28:42: "sv_accelerate" = "10"
L 09/05/2023 - 12:28:42: "sv_airaccelerate" = "10"
L 09/05/2023 - 12:28:42: "sv_wateraccelerate" = "10"
L 09/05/2023 - 12:28:42: "sv_waterfriction" = "1"
L 09/05/2023 - 12:28:42: "sv_footsteps" = "1"
L 09/05/2023 - 12:28:42: "sv_rollspeed" = "200"
L 09/05/2023 - 12:28:42: "sv_rollangle" = "0"
L 09/05/2023 - 12:28:42: "sv_friction" = "4"
L 09/05/2023 - 12:28:42: "sv_bounce" = "0"
L 09/05/2023 - 12:28:42: "sv_stepsize" = "18"
L 09/05/2023 - 12:28:42: "r_VehicleViewDampen" = "1"
L 09/05/2023 - 12:28:42: "r_JeepViewDampenFreq" = "7.0"
L 09/05/2023 - 12:28:42: "r_JeepViewDampenDamp" = "1.0"
L 09/05/2023 - 12:28:42: "r_JeepViewZHeight" = "10.0"
L 09/05/2023 - 12:28:42: "r_AirboatViewDampenFreq" = "7.0"
L 09/05/2023 - 12:28:42: "r_AirboatViewDampenDamp" = "1.0"
L 09/05/2023 - 12:28:42: "r_AirboatViewZHeight" = "0.0"
L 09/05/2023 - 12:28:42: "mp_timelimit" = "30"
L 09/05/2023 - 12:28:42: "mp_fraglimit" = "0"
L 09/05/2023 - 12:28:42: "nextlevel" = ""
L 09/05/2023 - 12:28:42: "sv_maxusrcmdprocessticks" = "24"
L 09/05/2023 - 12:28:42: "mp_blockstyle" = "1"
L 09/05/2023 - 12:28:42: "mp_respawnwavetime" = "10.0"
L 09/05/2023 - 12:28:42: "mp_capdeteriorate_time" = "90.0"
L 09/05/2023 - 12:28:42: "mp_teams_unbalance_limit" = "0"
L 09/05/2023 - 12:28:42: "mp_disable_respawn_times" = "0"
L 09/05/2023 - 12:28:42: "mp_autoteambalance" = "0"
L 09/05/2023 - 12:28:42: "mp_maxrounds" = "5"
L 09/05/2023 - 12:28:42: "mp_stalemate_enable" = "1"
L 09/05/2023 - 12:28:42: "sv_alltalk" = "1"
L 09/05/2023 - 12:28:42: "sv_vote_quorum_ratio" = "0.6"
L 09/05/2023 - 12:28:42: "tf_maxspeed" = "400"
L 09/05/2023 - 12:28:42: "tf_birthday" = "0"
L 09/05/2023 - 12:28:42: "tf_gravetalk" = "1"
L 09/05/2023 - 12:28:42: "tf_spectalk" = "1"
L 09/05/2023 - 12:28:42: "tf_damage_disablespread" = "0"
L 09/05/2023 - 12:28:42: "tf_weapon_criticals" = "1"
L 09/05/2023 - 12:28:42: "tf_weapon_criticals_melee" = "1"
L 09/05/2023 - 12:28:42: "sv_cheats" = "0"
L 09/05/2023 - 12:28:42: "sv_pausable" = "0"
L 09/05/2023 - 12:28:42: "sv_contact" = "emailaddy@google.com"
L 09/05/2023 - 12:28:42: "sv_voiceenable" = "1"
L 09/05/2023 - 12:28:42: "tv_enable" = "0"
L 09/05/2023 - 12:28:42: "sv_steamgroup" = ""
L 09/05/2023 - 12:28:42: "sv_password" = ""
L 09/05/2023 - 12:28:42: "sv_tags" = "alltalk"
L 09/05/2023 - 12:28:42: "tv_relaypassword" = ""
L 09/05/2023 - 12:28:42: "tv_password" = ""
L 09/05/2023 - 12:28:42: "deathmatch" = "1"
L 09/05/2023 - 12:28:42: "coop" = "0"
L 09/05/2023 - 12:28:42: server cvars end
L 09/05/2023 - 12:28:43: Started map "gd_hardware" (CRC "c9584aabd5cadf78e8b6dbd959a24a97")
L 09/05/2023 - 12:28:43: Executing dedicated server config file server.cfg
L 09/05/2023 - 12:28:45: Log file closed.
